[2022-01-08 15:07:06,267] Logging in to camera 2.180.13.1...
[2022-01-08 15:07:06,290] done
[2022-01-08 15:07:06,290] Synching time...
[2022-01-08 15:07:06,634] done
[2022-01-08 15:07:06,635] Starting to grab streams...
[2022-01-08 15:07:09,288] Signal 2 received
[2022-01-08 15:07:09,288] Shutting down...
[2022-01-08 15:07:09,289] done
[2022-01-08 15:32:47,909] Logging in to camera 2.180.13.1...
[2022-01-08 15:32:47,941] done
[2022-01-08 15:32:47,942] Synching time...
[2022-01-08 15:32:47,949] done
[2022-01-08 15:32:47,949] Starting to grab streams...
[2022-01-08 15:32:50,655] Signal 2 received
[2022-01-08 15:32:50,655] Shutting down...
[2022-01-08 15:32:50,655] done
[2022-01-08 15:40:52,032] Logging in to camera 2.180.13.1...
[2022-01-08 15:40:52,072] done
[2022-01-08 15:40:52,072] Synching time...
[2022-01-08 15:40:52,416] done
[2022-01-08 15:40:52,416] Starting to grab streams...
[2022-01-08 15:40:52,591] Starting files: D/A/2022/01/08/15.40.52
[2022-01-08 15:40:53,809] Signal 2 received
[2022-01-08 15:40:53,809] Shutting down...
[2022-01-08 15:40:53,810] done
