[2022-01-08 12:48:37,174] Logging in to camera 2.180.13.1...
[2022-01-08 12:48:37,284] done
[2022-01-08 12:48:37,284] Synching time...
[2022-01-08 12:48:37,555] done
[2022-01-08 12:48:37,555] Starting to grab streams...
[2022-01-08 12:48:47,605] Empty frame
[2022-01-08 12:48:47,685] Error. Attempting to reboot camera...
[2022-01-08 12:48:47,688] Waiting for 10s for reboot...
[2022-01-08 12:48:57,698] Logging in to camera 2.180.13.1...
[2022-01-08 12:49:29,278] Cannot connect to camera. Waiting for 5 seconds before trying again...
[2022-01-08 12:49:34,283] Logging in to camera 2.180.13.1...
[2022-01-08 12:49:34,285] Cannot connect to camera. Waiting for 5 seconds before trying again...
[2022-01-08 12:49:39,287] Logging in to camera 2.180.13.1...
[2022-01-08 12:49:39,290] Cannot connect to camera. Waiting for 5 seconds before trying again...
[2022-01-08 12:49:44,295] Logging in to camera 2.180.13.1...
[2022-01-08 12:49:44,296] Cannot connect to camera. Waiting for 5 seconds before trying again...
[2022-01-08 12:49:49,298] Logging in to camera 2.180.13.1...
[2022-01-08 12:49:49,301] Cannot connect to camera. Waiting for 5 seconds before trying again...
[2022-01-08 12:49:54,248] Signal 2 received
[2022-01-08 12:49:54,248] Shutting down...
[2022-01-08 12:49:54,248] done
